d:\(programmingprojects)\twitch_projects\rendering-engine-main-(1)\rendering-engine-main\build\lib\sdl2-2.0.20\debug\sdl2-staticd.pdb
d:\(programmingprojects)\twitch_projects\rendering-engine-main-(1)\rendering-engine-main\build\lib\sdl2-2.0.20\sdl2-static.dir\debug\sdl_events.obj
d:\(programmingprojects)\twitch_projects\rendering-engine-main-(1)\rendering-engine-main\build\lib\sdl2-2.0.20\sdl2-static.dir\debug\sdl_dropevents.obj
d:\(programmingprojects)\twitch_projects\rendering-engine-main-(1)\rendering-engine-main\build\lib\sdl2-2.0.20\sdl2-static.dir\debug\sdl_displayevents.obj
d:\(programmingprojects)\twitch_projects\rendering-engine-main-(1)\rendering-engine-main\build\lib\sdl2-2.0.20\sdl2-static.dir\debug\sdl_clipboardevents.obj
d:\(programmingprojects)\twitch_projects\rendering-engine-main-(1)\rendering-engine-main\build\lib\sdl2-2.0.20\sdl2-static.dir\debug\sdl_dynapi.obj
d:\(programmingprojects)\twitch_projects\rendering-engine-main-(1)\rendering-engine-main\build\lib\sdl2-2.0.20\sdl2-static.dir\debug\sdl_cpuinfo.obj
d:\(programmingprojects)\twitch_projects\rendering-engine-main-(1)\rendering-engine-main\build\lib\sdl2-2.0.20\sdl2-static.dir\debug\sdl_wave.obj
d:\(programmingprojects)\twitch_projects\rendering-engine-main-(1)\rendering-engine-main\build\lib\sdl2-2.0.20\sdl2-static.dir\debug\sdl_mixer.obj
d:\(programmingprojects)\twitch_projects\rendering-engine-main-(1)\rendering-engine-main\build\lib\sdl2-2.0.20\sdl2-static.dir\debug\sdl_audiotypecvt.obj
d:\(programmingprojects)\twitch_projects\rendering-engine-main-(1)\rendering-engine-main\build\lib\sdl2-2.0.20\sdl2-static.dir\debug\sdl_audiodev.obj
d:\(programmingprojects)\twitch_projects\rendering-engine-main-(1)\rendering-engine-main\build\lib\sdl2-2.0.20\sdl2-static.dir\debug\sdl_audiocvt.obj
d:\(programmingprojects)\twitch_projects\rendering-engine-main-(1)\rendering-engine-main\build\lib\sdl2-2.0.20\sdl2-static.dir\debug\sdl_audio.obj
d:\(programmingprojects)\twitch_projects\rendering-engine-main-(1)\rendering-engine-main\build\lib\sdl2-2.0.20\sdl2-static.dir\debug\sdl_spinlock.obj
d:\(programmingprojects)\twitch_projects\rendering-engine-main-(1)\rendering-engine-main\build\lib\sdl2-2.0.20\sdl2-static.dir\debug\sdl_atomic.obj
d:\(programmingprojects)\twitch_projects\rendering-engine-main-(1)\rendering-engine-main\build\lib\sdl2-2.0.20\sdl2-static.dir\debug\sdl_log.obj
d:\(programmingprojects)\twitch_projects\rendering-engine-main-(1)\rendering-engine-main\build\lib\sdl2-2.0.20\sdl2-static.dir\debug\sdl_hints.obj
d:\(programmingprojects)\twitch_projects\rendering-engine-main-(1)\rendering-engine-main\build\lib\sdl2-2.0.20\sdl2-static.dir\debug\sdl_error.obj
d:\(programmingprojects)\twitch_projects\rendering-engine-main-(1)\rendering-engine-main\build\lib\sdl2-2.0.20\sdl2-static.dir\debug\sdl_dataqueue.obj
d:\(programmingprojects)\twitch_projects\rendering-engine-main-(1)\rendering-engine-main\build\lib\sdl2-2.0.20\sdl2-static.dir\debug\sdl_assert.obj
d:\(programmingprojects)\twitch_projects\rendering-engine-main-(1)\rendering-engine-main\build\lib\sdl2-2.0.20\sdl2-static.dir\debug\sdl.obj
d:\(programmingprojects)\twitch_projects\rendering-engine-main-(1)\rendering-engine-main\build\lib\sdl2-2.0.20\sdl2-static.dir\debug\k_rem_pio2.obj
d:\(programmingprojects)\twitch_projects\rendering-engine-main-(1)\rendering-engine-main\build\lib\sdl2-2.0.20\sdl2-static.dir\debug\k_cos.obj
d:\(programmingprojects)\twitch_projects\rendering-engine-main-(1)\rendering-engine-main\build\lib\sdl2-2.0.20\sdl2-static.dir\debug\e_sqrt.obj
d:\(programmingprojects)\twitch_projects\rendering-engine-main-(1)\rendering-engine-main\build\lib\sdl2-2.0.20\sdl2-static.dir\debug\e_rem_pio2.obj
d:\(programmingprojects)\twitch_projects\rendering-engine-main-(1)\rendering-engine-main\build\lib\sdl2-2.0.20\sdl2-static.dir\debug\e_pow.obj
d:\(programmingprojects)\twitch_projects\rendering-engine-main-(1)\rendering-engine-main\build\lib\sdl2-2.0.20\sdl2-static.dir\debug\e_log10.obj
d:\(programmingprojects)\twitch_projects\rendering-engine-main-(1)\rendering-engine-main\build\lib\sdl2-2.0.20\sdl2-static.dir\debug\e_log.obj
d:\(programmingprojects)\twitch_projects\rendering-engine-main-(1)\rendering-engine-main\build\lib\sdl2-2.0.20\sdl2-static.dir\debug\e_fmod.obj
d:\(programmingprojects)\twitch_projects\rendering-engine-main-(1)\rendering-engine-main\build\lib\sdl2-2.0.20\sdl2-static.dir\debug\e_exp.obj
d:\(programmingprojects)\twitch_projects\rendering-engine-main-(1)\rendering-engine-main\build\lib\sdl2-2.0.20\sdl2-static.dir\debug\e_atan2.obj
d:\(programmingprojects)\twitch_projects\rendering-engine-main-(1)\rendering-engine-main\build\lib\sdl2-2.0.20\sdl2-static.dir\debug\sdl_hidapi.obj
d:\(programmingprojects)\twitch_projects\rendering-engine-main-(1)\rendering-engine-main\build\lib\sdl2-2.0.20\sdl2-static.dir\debug\sdl_haptic.obj
d:\(programmingprojects)\twitch_projects\rendering-engine-main-(1)\rendering-engine-main\build\lib\sdl2-2.0.20\sdl2-static.dir\debug\sdl_rwops.obj
d:\(programmingprojects)\twitch_projects\rendering-engine-main-(1)\rendering-engine-main\build\lib\sdl2-2.0.20\sdl2-static.dir\debug\imkstoucs.obj
d:\(programmingprojects)\twitch_projects\rendering-engine-main-(1)\rendering-engine-main\build\lib\sdl2-2.0.20\sdl2-static.dir\debug\sdl_windowevents.obj
d:\(programmingprojects)\twitch_projects\rendering-engine-main-(1)\rendering-engine-main\build\lib\sdl2-2.0.20\sdl2-static.dir\debug\sdl_touch.obj
d:\(programmingprojects)\twitch_projects\rendering-engine-main-(1)\rendering-engine-main\build\lib\sdl2-2.0.20\sdl2-static.dir\debug\sdl_quit.obj
d:\(programmingprojects)\twitch_projects\rendering-engine-main-(1)\rendering-engine-main\build\lib\sdl2-2.0.20\sdl2-static.dir\debug\sdl_mouse.obj
d:\(programmingprojects)\twitch_projects\rendering-engine-main-(1)\rendering-engine-main\build\lib\sdl2-2.0.20\sdl2-static.dir\debug\sdl_keyboard.obj
d:\(programmingprojects)\twitch_projects\rendering-engine-main-(1)\rendering-engine-main\build\lib\sdl2-2.0.20\sdl2-static.dir\debug\sdl_gesture.obj
d:\(programmingprojects)\twitch_projects\rendering-engine-main-(1)\rendering-engine-main\build\lib\sdl2-2.0.20\sdl2-static.dir\debug\sdl_shaders_d3d11.obj
d:\(programmingprojects)\twitch_projects\rendering-engine-main-(1)\rendering-engine-main\build\lib\sdl2-2.0.20\sdl2-static.dir\debug\sdl_render_d3d11.obj
d:\(programmingprojects)\twitch_projects\rendering-engine-main-(1)\rendering-engine-main\build\lib\sdl2-2.0.20\sdl2-static.dir\debug\sdl_shaders_d3d.obj
d:\(programmingprojects)\twitch_projects\rendering-engine-main-(1)\rendering-engine-main\build\lib\sdl2-2.0.20\sdl2-static.dir\debug\sdl_render_d3d.obj
d:\(programmingprojects)\twitch_projects\rendering-engine-main-(1)\rendering-engine-main\build\lib\sdl2-2.0.20\sdl2-static.dir\debug\sdl_yuv_sw.obj
d:\(programmingprojects)\twitch_projects\rendering-engine-main-(1)\rendering-engine-main\build\lib\sdl2-2.0.20\sdl2-static.dir\debug\sdl_render.obj
d:\(programmingprojects)\twitch_projects\rendering-engine-main-(1)\rendering-engine-main\build\lib\sdl2-2.0.20\sdl2-static.dir\debug\sdl_d3dmath.obj
d:\(programmingprojects)\twitch_projects\rendering-engine-main-(1)\rendering-engine-main\build\lib\sdl2-2.0.20\sdl2-static.dir\debug\sdl_power.obj
d:\(programmingprojects)\twitch_projects\rendering-engine-main-(1)\rendering-engine-main\build\lib\sdl2-2.0.20\sdl2-static.dir\debug\sdl_url.obj
d:\(programmingprojects)\twitch_projects\rendering-engine-main-(1)\rendering-engine-main\build\lib\sdl2-2.0.20\sdl2-static.dir\debug\sdl_locale.obj
d:\(programmingprojects)\twitch_projects\rendering-engine-main-(1)\rendering-engine-main\build\lib\sdl2-2.0.20\sdl2-static.dir\debug\s_tan.obj
d:\(programmingprojects)\twitch_projects\rendering-engine-main-(1)\rendering-engine-main\build\lib\sdl2-2.0.20\sdl2-static.dir\debug\s_sin.obj
d:\(programmingprojects)\twitch_projects\rendering-engine-main-(1)\rendering-engine-main\build\lib\sdl2-2.0.20\sdl2-static.dir\debug\s_scalbn.obj
d:\(programmingprojects)\twitch_projects\rendering-engine-main-(1)\rendering-engine-main\build\lib\sdl2-2.0.20\sdl2-static.dir\debug\s_floor.obj
d:\(programmingprojects)\twitch_projects\rendering-engine-main-(1)\rendering-engine-main\build\lib\sdl2-2.0.20\sdl2-static.dir\debug\s_fabs.obj
d:\(programmingprojects)\twitch_projects\rendering-engine-main-(1)\rendering-engine-main\build\lib\sdl2-2.0.20\sdl2-static.dir\debug\s_cos.obj
d:\(programmingprojects)\twitch_projects\rendering-engine-main-(1)\rendering-engine-main\build\lib\sdl2-2.0.20\sdl2-static.dir\debug\s_copysign.obj
d:\(programmingprojects)\twitch_projects\rendering-engine-main-(1)\rendering-engine-main\build\lib\sdl2-2.0.20\sdl2-static.dir\debug\s_atan.obj
d:\(programmingprojects)\twitch_projects\rendering-engine-main-(1)\rendering-engine-main\build\lib\sdl2-2.0.20\sdl2-static.dir\debug\k_tan.obj
d:\(programmingprojects)\twitch_projects\rendering-engine-main-(1)\rendering-engine-main\build\lib\sdl2-2.0.20\sdl2-static.dir\debug\k_sin.obj
d:\(programmingprojects)\twitch_projects\rendering-engine-main-(1)\rendering-engine-main\build\lib\sdl2-2.0.20\sdl2-static.dir\debug\sdl_getenv.obj
d:\(programmingprojects)\twitch_projects\rendering-engine-main-(1)\rendering-engine-main\build\lib\sdl2-2.0.20\sdl2-static.dir\debug\sdl_crc32.obj
d:\(programmingprojects)\twitch_projects\rendering-engine-main-(1)\rendering-engine-main\build\lib\sdl2-2.0.20\sdl2-static.dir\debug\sdl_sensor.obj
d:\(programmingprojects)\twitch_projects\rendering-engine-main-(1)\rendering-engine-main\build\lib\sdl2-2.0.20\sdl2-static.dir\debug\sdl_render_vita_gxm_tools.obj
d:\(programmingprojects)\twitch_projects\rendering-engine-main-(1)\rendering-engine-main\build\lib\sdl2-2.0.20\sdl2-static.dir\debug\sdl_render_vita_gxm_memory.obj
d:\(programmingprojects)\twitch_projects\rendering-engine-main-(1)\rendering-engine-main\build\lib\sdl2-2.0.20\sdl2-static.dir\debug\sdl_render_vita_gxm.obj
d:\(programmingprojects)\twitch_projects\rendering-engine-main-(1)\rendering-engine-main\build\lib\sdl2-2.0.20\sdl2-static.dir\debug\sdl_triangle.obj
d:\(programmingprojects)\twitch_projects\rendering-engine-main-(1)\rendering-engine-main\build\lib\sdl2-2.0.20\sdl2-static.dir\debug\sdl_rotate.obj
d:\(programmingprojects)\twitch_projects\rendering-engine-main-(1)\rendering-engine-main\build\lib\sdl2-2.0.20\sdl2-static.dir\debug\sdl_render_sw.obj
d:\(programmingprojects)\twitch_projects\rendering-engine-main-(1)\rendering-engine-main\build\lib\sdl2-2.0.20\sdl2-static.dir\debug\sdl_drawpoint.obj
d:\(programmingprojects)\twitch_projects\rendering-engine-main-(1)\rendering-engine-main\build\lib\sdl2-2.0.20\sdl2-static.dir\debug\sdl_drawline.obj
d:\(programmingprojects)\twitch_projects\rendering-engine-main-(1)\rendering-engine-main\build\lib\sdl2-2.0.20\sdl2-static.dir\debug\sdl_blendpoint.obj
d:\(programmingprojects)\twitch_projects\rendering-engine-main-(1)\rendering-engine-main\build\lib\sdl2-2.0.20\sdl2-static.dir\debug\sdl_blendline.obj
d:\(programmingprojects)\twitch_projects\rendering-engine-main-(1)\rendering-engine-main\build\lib\sdl2-2.0.20\sdl2-static.dir\debug\sdl_blendfillrect.obj
d:\(programmingprojects)\twitch_projects\rendering-engine-main-(1)\rendering-engine-main\build\lib\sdl2-2.0.20\sdl2-static.dir\debug\sdl_render_psp.obj
d:\(programmingprojects)\twitch_projects\rendering-engine-main-(1)\rendering-engine-main\build\lib\sdl2-2.0.20\sdl2-static.dir\debug\sdl_shaders_gles2.obj
d:\(programmingprojects)\twitch_projects\rendering-engine-main-(1)\rendering-engine-main\build\lib\sdl2-2.0.20\sdl2-static.dir\debug\sdl_render_gles2.obj
d:\(programmingprojects)\twitch_projects\rendering-engine-main-(1)\rendering-engine-main\build\lib\sdl2-2.0.20\sdl2-static.dir\debug\sdl_render_gles.obj
d:\(programmingprojects)\twitch_projects\rendering-engine-main-(1)\rendering-engine-main\build\lib\sdl2-2.0.20\sdl2-static.dir\debug\sdl_shaders_gl.obj
d:\(programmingprojects)\twitch_projects\rendering-engine-main-(1)\rendering-engine-main\build\lib\sdl2-2.0.20\sdl2-static.dir\debug\sdl_render_gl.obj
d:\(programmingprojects)\twitch_projects\rendering-engine-main-(1)\rendering-engine-main\build\lib\sdl2-2.0.20\sdl2-static.dir\debug\sdl_egl.obj
d:\(programmingprojects)\twitch_projects\rendering-engine-main-(1)\rendering-engine-main\build\lib\sdl2-2.0.20\sdl2-static.dir\debug\sdl_clipboard.obj
d:\(programmingprojects)\twitch_projects\rendering-engine-main-(1)\rendering-engine-main\build\lib\sdl2-2.0.20\sdl2-static.dir\debug\sdl_bmp.obj
d:\(programmingprojects)\twitch_projects\rendering-engine-main-(1)\rendering-engine-main\build\lib\sdl2-2.0.20\sdl2-static.dir\debug\sdl_blit_slow.obj
d:\(programmingprojects)\twitch_projects\rendering-engine-main-(1)\rendering-engine-main\build\lib\sdl2-2.0.20\sdl2-static.dir\debug\sdl_blit_copy.obj
d:\(programmingprojects)\twitch_projects\rendering-engine-main-(1)\rendering-engine-main\build\lib\sdl2-2.0.20\sdl2-static.dir\debug\sdl_blit_auto.obj
d:\(programmingprojects)\twitch_projects\rendering-engine-main-(1)\rendering-engine-main\build\lib\sdl2-2.0.20\sdl2-static.dir\debug\sdl_blit_n.obj
d:\(programmingprojects)\twitch_projects\rendering-engine-main-(1)\rendering-engine-main\build\lib\sdl2-2.0.20\sdl2-static.dir\debug\sdl_blit_a.obj
d:\(programmingprojects)\twitch_projects\rendering-engine-main-(1)\rendering-engine-main\build\lib\sdl2-2.0.20\sdl2-static.dir\debug\sdl_blit_1.obj
d:\(programmingprojects)\twitch_projects\rendering-engine-main-(1)\rendering-engine-main\build\lib\sdl2-2.0.20\sdl2-static.dir\debug\sdl_blit_0.obj
d:\(programmingprojects)\twitch_projects\rendering-engine-main-(1)\rendering-engine-main\build\lib\sdl2-2.0.20\sdl2-static.dir\debug\sdl_blit.obj
d:\(programmingprojects)\twitch_projects\rendering-engine-main-(1)\rendering-engine-main\build\lib\sdl2-2.0.20\sdl2-static.dir\debug\sdl_rleaccel.obj
d:\(programmingprojects)\twitch_projects\rendering-engine-main-(1)\rendering-engine-main\build\lib\sdl2-2.0.20\sdl2-static.dir\debug\sdl_timer.obj
d:\(programmingprojects)\twitch_projects\rendering-engine-main-(1)\rendering-engine-main\build\lib\sdl2-2.0.20\sdl2-static.dir\debug\sdl_thread.obj
d:\(programmingprojects)\twitch_projects\rendering-engine-main-(1)\rendering-engine-main\build\lib\sdl2-2.0.20\sdl2-static.dir\debug\sdl_strtokr.obj
d:\(programmingprojects)\twitch_projects\rendering-engine-main-(1)\rendering-engine-main\build\lib\sdl2-2.0.20\sdl2-static.dir\debug\sdl_string.obj
d:\(programmingprojects)\twitch_projects\rendering-engine-main-(1)\rendering-engine-main\build\lib\sdl2-2.0.20\sdl2-static.dir\debug\sdl_stdlib.obj
d:\(programmingprojects)\twitch_projects\rendering-engine-main-(1)\rendering-engine-main\build\lib\sdl2-2.0.20\sdl2-static.dir\debug\sdl_qsort.obj
d:\(programmingprojects)\twitch_projects\rendering-engine-main-(1)\rendering-engine-main\build\lib\sdl2-2.0.20\sdl2-static.dir\debug\sdl_malloc.obj
d:\(programmingprojects)\twitch_projects\rendering-engine-main-(1)\rendering-engine-main\build\lib\sdl2-2.0.20\sdl2-static.dir\debug\sdl_iconv.obj
d:\(programmingprojects)\twitch_projects\rendering-engine-main-(1)\rendering-engine-main\build\lib\sdl2-2.0.20\sdl2-static.dir\debug\sdl_windows.obj
d:\(programmingprojects)\twitch_projects\rendering-engine-main-(1)\rendering-engine-main\build\lib\sdl2-2.0.20\sdl2-static.dir\debug\sdl_hid.obj
d:\(programmingprojects)\twitch_projects\rendering-engine-main-(1)\rendering-engine-main\build\lib\sdl2-2.0.20\sdl2-static.dir\debug\sdl_nullvideo.obj
d:\(programmingprojects)\twitch_projects\rendering-engine-main-(1)\rendering-engine-main\build\lib\sdl2-2.0.20\sdl2-static.dir\debug\sdl_nullframebuffer.obj
d:\(programmingprojects)\twitch_projects\rendering-engine-main-(1)\rendering-engine-main\build\lib\sdl2-2.0.20\sdl2-static.dir\debug\sdl_nullevents.obj
d:\(programmingprojects)\twitch_projects\rendering-engine-main-(1)\rendering-engine-main\build\lib\sdl2-2.0.20\sdl2-static.dir\debug\sdl_virtualjoystick.obj
d:\(programmingprojects)\twitch_projects\rendering-engine-main-(1)\rendering-engine-main\build\lib\sdl2-2.0.20\sdl2-static.dir\debug\sdl_diskaudio.obj
d:\(programmingprojects)\twitch_projects\rendering-engine-main-(1)\rendering-engine-main\build\lib\sdl2-2.0.20\sdl2-static.dir\debug\sdl_dummyaudio.obj
d:\(programmingprojects)\twitch_projects\rendering-engine-main-(1)\rendering-engine-main\build\lib\sdl2-2.0.20\sdl2-static.dir\debug\sdl_joystick.obj
d:\(programmingprojects)\twitch_projects\rendering-engine-main-(1)\rendering-engine-main\build\lib\sdl2-2.0.20\sdl2-static.dir\debug\sdl_gamecontroller.obj
d:\(programmingprojects)\twitch_projects\rendering-engine-main-(1)\rendering-engine-main\build\lib\sdl2-2.0.20\sdl2-static.dir\debug\yuv_rgb.obj
d:\(programmingprojects)\twitch_projects\rendering-engine-main-(1)\rendering-engine-main\build\lib\sdl2-2.0.20\sdl2-static.dir\debug\sdl_yuv.obj
d:\(programmingprojects)\twitch_projects\rendering-engine-main-(1)\rendering-engine-main\build\lib\sdl2-2.0.20\sdl2-static.dir\debug\sdl_vulkan_utils.obj
d:\(programmingprojects)\twitch_projects\rendering-engine-main-(1)\rendering-engine-main\build\lib\sdl2-2.0.20\sdl2-static.dir\debug\sdl_video.obj
d:\(programmingprojects)\twitch_projects\rendering-engine-main-(1)\rendering-engine-main\build\lib\sdl2-2.0.20\sdl2-static.dir\debug\sdl_surface.obj
d:\(programmingprojects)\twitch_projects\rendering-engine-main-(1)\rendering-engine-main\build\lib\sdl2-2.0.20\sdl2-static.dir\debug\sdl_stretch.obj
d:\(programmingprojects)\twitch_projects\rendering-engine-main-(1)\rendering-engine-main\build\lib\sdl2-2.0.20\sdl2-static.dir\debug\sdl_shape.obj
d:\(programmingprojects)\twitch_projects\rendering-engine-main-(1)\rendering-engine-main\build\lib\sdl2-2.0.20\sdl2-static.dir\debug\sdl_rect.obj
d:\(programmingprojects)\twitch_projects\rendering-engine-main-(1)\rendering-engine-main\build\lib\sdl2-2.0.20\sdl2-static.dir\debug\sdl_pixels.obj
d:\(programmingprojects)\twitch_projects\rendering-engine-main-(1)\rendering-engine-main\build\lib\sdl2-2.0.20\sdl2-static.dir\debug\sdl_fillrect.obj
d:\(programmingprojects)\twitch_projects\rendering-engine-main-(1)\rendering-engine-main\build\lib\sdl2-2.0.20\sdl2-static.dir\debug\sdl_syscond.obj
d:\(programmingprojects)\twitch_projects\rendering-engine-main-(1)\rendering-engine-main\build\lib\sdl2-2.0.20\sdl2-static.dir\debug\sdl_windowswindow.obj
d:\(programmingprojects)\twitch_projects\rendering-engine-main-(1)\rendering-engine-main\build\lib\sdl2-2.0.20\sdl2-static.dir\debug\sdl_windowsvulkan.obj
d:\(programmingprojects)\twitch_projects\rendering-engine-main-(1)\rendering-engine-main\build\lib\sdl2-2.0.20\sdl2-static.dir\debug\sdl_windowsvideo.obj
d:\(programmingprojects)\twitch_projects\rendering-engine-main-(1)\rendering-engine-main\build\lib\sdl2-2.0.20\sdl2-static.dir\debug\sdl_windowsshape.obj
d:\(programmingprojects)\twitch_projects\rendering-engine-main-(1)\rendering-engine-main\build\lib\sdl2-2.0.20\sdl2-static.dir\debug\sdl_windowsopengles.obj
d:\(programmingprojects)\twitch_projects\rendering-engine-main-(1)\rendering-engine-main\build\lib\sdl2-2.0.20\sdl2-static.dir\debug\sdl_windowsopengl.obj
d:\(programmingprojects)\twitch_projects\rendering-engine-main-(1)\rendering-engine-main\build\lib\sdl2-2.0.20\sdl2-static.dir\debug\sdl_windowsmouse.obj
d:\(programmingprojects)\twitch_projects\rendering-engine-main-(1)\rendering-engine-main\build\lib\sdl2-2.0.20\sdl2-static.dir\debug\sdl_windowsmodes.obj
d:\(programmingprojects)\twitch_projects\rendering-engine-main-(1)\rendering-engine-main\build\lib\sdl2-2.0.20\sdl2-static.dir\debug\sdl_windowsmessagebox.obj
d:\(programmingprojects)\twitch_projects\rendering-engine-main-(1)\rendering-engine-main\build\lib\sdl2-2.0.20\sdl2-static.dir\debug\sdl_windowskeyboard.obj
d:\(programmingprojects)\twitch_projects\rendering-engine-main-(1)\rendering-engine-main\build\lib\sdl2-2.0.20\sdl2-static.dir\debug\sdl_windowsframebuffer.obj
d:\(programmingprojects)\twitch_projects\rendering-engine-main-(1)\rendering-engine-main\build\lib\sdl2-2.0.20\sdl2-static.dir\debug\sdl_windowsevents.obj
d:\(programmingprojects)\twitch_projects\rendering-engine-main-(1)\rendering-engine-main\build\lib\sdl2-2.0.20\sdl2-static.dir\debug\sdl_windowsclipboard.obj
d:\(programmingprojects)\twitch_projects\rendering-engine-main-(1)\rendering-engine-main\build\lib\sdl2-2.0.20\sdl2-static.dir\debug\sdl_wasapi_win32.obj
d:\(programmingprojects)\twitch_projects\rendering-engine-main-(1)\rendering-engine-main\build\lib\sdl2-2.0.20\sdl2-static.dir\debug\sdl_wasapi.obj
d:\(programmingprojects)\twitch_projects\rendering-engine-main-(1)\rendering-engine-main\build\lib\sdl2-2.0.20\sdl2-static.dir\debug\sdl_directsound.obj
d:\(programmingprojects)\twitch_projects\rendering-engine-main-(1)\rendering-engine-main\build\lib\sdl2-2.0.20\sdl2-static.dir\debug\sdl_winmm.obj
d:\(programmingprojects)\twitch_projects\rendering-engine-main-(1)\rendering-engine-main\build\lib\sdl2-2.0.20\sdl2-static.dir\debug\sdl_sysurl.obj
d:\(programmingprojects)\twitch_projects\rendering-engine-main-(1)\rendering-engine-main\build\lib\sdl2-2.0.20\sdl2-static.dir\debug\sdl_xinput.obj
d:\(programmingprojects)\twitch_projects\rendering-engine-main-(1)\rendering-engine-main\build\lib\sdl2-2.0.20\sdl2-static.dir\debug\sdl_hidapi_xbox360.obj
d:\(programmingprojects)\twitch_projects\rendering-engine-main-(1)\rendering-engine-main\build\lib\sdl2-2.0.20\sdl2-static.dir\debug\sdl_hidapi_switch.obj
d:\(programmingprojects)\twitch_projects\rendering-engine-main-(1)\rendering-engine-main\build\lib\sdl2-2.0.20\sdl2-static.dir\debug\sdl_hidapi_steam.obj
d:\(programmingprojects)\twitch_projects\rendering-engine-main-(1)\rendering-engine-main\build\lib\sdl2-2.0.20\sdl2-static.dir\debug\sdl_hidapi_stadia.obj
d:\(programmingprojects)\twitch_projects\rendering-engine-main-(1)\rendering-engine-main\build\lib\sdl2-2.0.20\sdl2-static.dir\debug\sdl_hidapi_rumble.obj
d:\(programmingprojects)\twitch_projects\rendering-engine-main-(1)\rendering-engine-main\build\lib\sdl2-2.0.20\sdl2-static.dir\debug\sdl_hidapi_ps5.obj
d:\(programmingprojects)\twitch_projects\rendering-engine-main-(1)\rendering-engine-main\build\lib\sdl2-2.0.20\sdl2-static.dir\debug\sdl_hidapi_ps4.obj
d:\(programmingprojects)\twitch_projects\rendering-engine-main-(1)\rendering-engine-main\build\lib\sdl2-2.0.20\sdl2-static.dir\debug\sdl_hidapi_luna.obj
d:\(programmingprojects)\twitch_projects\rendering-engine-main-(1)\rendering-engine-main\build\lib\sdl2-2.0.20\sdl2-static.dir\debug\sdl_hidapi_gamecube.obj
d:\(programmingprojects)\twitch_projects\rendering-engine-main-(1)\rendering-engine-main\build\lib\sdl2-2.0.20\sdl2-static.dir\debug\sdl_sysloadso.obj
d:\(programmingprojects)\twitch_projects\rendering-engine-main-(1)\rendering-engine-main\build\lib\sdl2-2.0.20\sdl2-static.dir\debug\sdl_systimer.obj
d:\(programmingprojects)\twitch_projects\rendering-engine-main-(1)\rendering-engine-main\build\lib\sdl2-2.0.20\sdl2-static.dir\debug\sdl_sysfilesystem.obj
d:\(programmingprojects)\twitch_projects\rendering-engine-main-(1)\rendering-engine-main\build\lib\sdl2-2.0.20\sdl2-static.dir\debug\sdl_syslocale.obj
d:\(programmingprojects)\twitch_projects\rendering-engine-main-(1)\rendering-engine-main\build\lib\sdl2-2.0.20\sdl2-static.dir\debug\sdl_syspower.obj
d:\(programmingprojects)\twitch_projects\rendering-engine-main-(1)\rendering-engine-main\build\lib\sdl2-2.0.20\sdl2-static.dir\debug\sdl_windowssensor.obj
d:\(programmingprojects)\twitch_projects\rendering-engine-main-(1)\rendering-engine-main\build\lib\sdl2-2.0.20\sdl2-static.dir\debug\sdl_systls.obj
d:\(programmingprojects)\twitch_projects\rendering-engine-main-(1)\rendering-engine-main\build\lib\sdl2-2.0.20\sdl2-static.dir\debug\sdl_systhread.obj
d:\(programmingprojects)\twitch_projects\rendering-engine-main-(1)\rendering-engine-main\build\lib\sdl2-2.0.20\sdl2-static.dir\debug\sdl_syssem.obj
d:\(programmingprojects)\twitch_projects\rendering-engine-main-(1)\rendering-engine-main\build\lib\sdl2-2.0.20\sdl2-static.dir\debug\sdl_sysmutex.obj
d:\(programmingprojects)\twitch_projects\rendering-engine-main-(1)\rendering-engine-main\build\lib\sdl2-2.0.20\sdl2-static.dir\debug\sdl_syscond_cv.obj
d:\(programmingprojects)\twitch_projects\rendering-engine-main-(1)\rendering-engine-main\build\lib\sdl2-2.0.20\sdl2-static.dir\debug\sdl_xinputhaptic.obj
d:\(programmingprojects)\twitch_projects\rendering-engine-main-(1)\rendering-engine-main\build\lib\sdl2-2.0.20\sdl2-static.dir\debug\sdl_windowshaptic.obj
d:\(programmingprojects)\twitch_projects\rendering-engine-main-(1)\rendering-engine-main\build\lib\sdl2-2.0.20\sdl2-static.dir\debug\sdl_dinputhaptic.obj
d:\(programmingprojects)\twitch_projects\rendering-engine-main-(1)\rendering-engine-main\build\lib\sdl2-2.0.20\sdl2-static.dir\debug\sdl_xinputjoystick.obj
d:\(programmingprojects)\twitch_projects\rendering-engine-main-(1)\rendering-engine-main\build\lib\sdl2-2.0.20\sdl2-static.dir\debug\sdl_windowsjoystick.obj
d:\(programmingprojects)\twitch_projects\rendering-engine-main-(1)\rendering-engine-main\build\lib\sdl2-2.0.20\sdl2-static.dir\debug\sdl_windows_gaming_input.obj
d:\(programmingprojects)\twitch_projects\rendering-engine-main-(1)\rendering-engine-main\build\lib\sdl2-2.0.20\sdl2-static.dir\debug\sdl_rawinputjoystick.obj
d:\(programmingprojects)\twitch_projects\rendering-engine-main-(1)\rendering-engine-main\build\lib\sdl2-2.0.20\sdl2-static.dir\debug\sdl_dinputjoystick.obj
d:\(programmingprojects)\twitch_projects\rendering-engine-main-(1)\rendering-engine-main\build\lib\sdl2-2.0.20\sdl2-static.dir\debug\sdl_hidapijoystick.obj
d:\(programmingprojects)\twitch_projects\rendering-engine-main-(1)\rendering-engine-main\build\lib\sdl2-2.0.20\sdl2-static.dir\debug\sdl_hidapi_xboxone.obj
d:\(programmingprojects)\twitch_projects\rendering-engine-main-(1)\rendering-engine-main\build\lib\sdl2-2.0.20\sdl2-static.dir\debug\sdl_hidapi_xbox360w.obj
d:\(programmingprojects)\twitch_projects\rendering-engine\build\lib\sdl2-2.0.20\cmakefiles\generate.stamp
d:\(programmingprojects)\twitch_projects\rendering-engine-main-(1)\rendering-engine-main\build\lib\sdl2-2.0.20\debug\sdl2-staticd.lib
d:\(programmingprojects)\twitch_projects\rendering-engine\build\lib\sdl2-2.0.20\debug\sdl2-staticd.lib
d:\(programmingprojects)\twitch_projects\rendering-engine\build\lib\sdl2-2.0.20\sdl2-static.dir\debug\e_atan2.obj
d:\(programmingprojects)\twitch_projects\rendering-engine\build\lib\sdl2-2.0.20\sdl2-static.dir\debug\e_exp.obj
d:\(programmingprojects)\twitch_projects\rendering-engine\build\lib\sdl2-2.0.20\sdl2-static.dir\debug\e_fmod.obj
d:\(programmingprojects)\twitch_projects\rendering-engine\build\lib\sdl2-2.0.20\sdl2-static.dir\debug\e_log.obj
d:\(programmingprojects)\twitch_projects\rendering-engine\build\lib\sdl2-2.0.20\sdl2-static.dir\debug\e_log10.obj
d:\(programmingprojects)\twitch_projects\rendering-engine\build\lib\sdl2-2.0.20\sdl2-static.dir\debug\e_pow.obj
d:\(programmingprojects)\twitch_projects\rendering-engine\build\lib\sdl2-2.0.20\sdl2-static.dir\debug\e_rem_pio2.obj
d:\(programmingprojects)\twitch_projects\rendering-engine\build\lib\sdl2-2.0.20\sdl2-static.dir\debug\e_sqrt.obj
d:\(programmingprojects)\twitch_projects\rendering-engine\build\lib\sdl2-2.0.20\sdl2-static.dir\debug\imkstoucs.obj
d:\(programmingprojects)\twitch_projects\rendering-engine\build\lib\sdl2-2.0.20\sdl2-static.dir\debug\k_cos.obj
d:\(programmingprojects)\twitch_projects\rendering-engine\build\lib\sdl2-2.0.20\sdl2-static.dir\debug\k_rem_pio2.obj
d:\(programmingprojects)\twitch_projects\rendering-engine\build\lib\sdl2-2.0.20\sdl2-static.dir\debug\k_sin.obj
d:\(programmingprojects)\twitch_projects\rendering-engine\build\lib\sdl2-2.0.20\sdl2-static.dir\debug\k_tan.obj
d:\(programmingprojects)\twitch_projects\rendering-engine\build\lib\sdl2-2.0.20\sdl2-static.dir\debug\sdl.obj
d:\(programmingprojects)\twitch_projects\rendering-engine\build\lib\sdl2-2.0.20\sdl2-static.dir\debug\sdl_assert.obj
d:\(programmingprojects)\twitch_projects\rendering-engine\build\lib\sdl2-2.0.20\sdl2-static.dir\debug\sdl_atomic.obj
d:\(programmingprojects)\twitch_projects\rendering-engine\build\lib\sdl2-2.0.20\sdl2-static.dir\debug\sdl_audio.obj
d:\(programmingprojects)\twitch_projects\rendering-engine\build\lib\sdl2-2.0.20\sdl2-static.dir\debug\sdl_audiocvt.obj
d:\(programmingprojects)\twitch_projects\rendering-engine\build\lib\sdl2-2.0.20\sdl2-static.dir\debug\sdl_audiodev.obj
d:\(programmingprojects)\twitch_projects\rendering-engine\build\lib\sdl2-2.0.20\sdl2-static.dir\debug\sdl_audiotypecvt.obj
d:\(programmingprojects)\twitch_projects\rendering-engine\build\lib\sdl2-2.0.20\sdl2-static.dir\debug\sdl_blendfillrect.obj
d:\(programmingprojects)\twitch_projects\rendering-engine\build\lib\sdl2-2.0.20\sdl2-static.dir\debug\sdl_blendline.obj
d:\(programmingprojects)\twitch_projects\rendering-engine\build\lib\sdl2-2.0.20\sdl2-static.dir\debug\sdl_blendpoint.obj
d:\(programmingprojects)\twitch_projects\rendering-engine\build\lib\sdl2-2.0.20\sdl2-static.dir\debug\sdl_blit.obj
d:\(programmingprojects)\twitch_projects\rendering-engine\build\lib\sdl2-2.0.20\sdl2-static.dir\debug\sdl_blit_0.obj
d:\(programmingprojects)\twitch_projects\rendering-engine\build\lib\sdl2-2.0.20\sdl2-static.dir\debug\sdl_blit_1.obj
d:\(programmingprojects)\twitch_projects\rendering-engine\build\lib\sdl2-2.0.20\sdl2-static.dir\debug\sdl_blit_a.obj
d:\(programmingprojects)\twitch_projects\rendering-engine\build\lib\sdl2-2.0.20\sdl2-static.dir\debug\sdl_blit_auto.obj
d:\(programmingprojects)\twitch_projects\rendering-engine\build\lib\sdl2-2.0.20\sdl2-static.dir\debug\sdl_blit_copy.obj
d:\(programmingprojects)\twitch_projects\rendering-engine\build\lib\sdl2-2.0.20\sdl2-static.dir\debug\sdl_blit_n.obj
d:\(programmingprojects)\twitch_projects\rendering-engine\build\lib\sdl2-2.0.20\sdl2-static.dir\debug\sdl_blit_slow.obj
d:\(programmingprojects)\twitch_projects\rendering-engine\build\lib\sdl2-2.0.20\sdl2-static.dir\debug\sdl_bmp.obj
d:\(programmingprojects)\twitch_projects\rendering-engine\build\lib\sdl2-2.0.20\sdl2-static.dir\debug\sdl_clipboard.obj
d:\(programmingprojects)\twitch_projects\rendering-engine\build\lib\sdl2-2.0.20\sdl2-static.dir\debug\sdl_clipboardevents.obj
d:\(programmingprojects)\twitch_projects\rendering-engine\build\lib\sdl2-2.0.20\sdl2-static.dir\debug\sdl_cpuinfo.obj
d:\(programmingprojects)\twitch_projects\rendering-engine\build\lib\sdl2-2.0.20\sdl2-static.dir\debug\sdl_crc32.obj
d:\(programmingprojects)\twitch_projects\rendering-engine\build\lib\sdl2-2.0.20\sdl2-static.dir\debug\sdl_d3dmath.obj
d:\(programmingprojects)\twitch_projects\rendering-engine\build\lib\sdl2-2.0.20\sdl2-static.dir\debug\sdl_dataqueue.obj
d:\(programmingprojects)\twitch_projects\rendering-engine\build\lib\sdl2-2.0.20\sdl2-static.dir\debug\sdl_dinputhaptic.obj
d:\(programmingprojects)\twitch_projects\rendering-engine\build\lib\sdl2-2.0.20\sdl2-static.dir\debug\sdl_dinputjoystick.obj
d:\(programmingprojects)\twitch_projects\rendering-engine\build\lib\sdl2-2.0.20\sdl2-static.dir\debug\sdl_directsound.obj
d:\(programmingprojects)\twitch_projects\rendering-engine\build\lib\sdl2-2.0.20\sdl2-static.dir\debug\sdl_diskaudio.obj
d:\(programmingprojects)\twitch_projects\rendering-engine\build\lib\sdl2-2.0.20\sdl2-static.dir\debug\sdl_displayevents.obj
d:\(programmingprojects)\twitch_projects\rendering-engine\build\lib\sdl2-2.0.20\sdl2-static.dir\debug\sdl_drawline.obj
d:\(programmingprojects)\twitch_projects\rendering-engine\build\lib\sdl2-2.0.20\sdl2-static.dir\debug\sdl_drawpoint.obj
d:\(programmingprojects)\twitch_projects\rendering-engine\build\lib\sdl2-2.0.20\sdl2-static.dir\debug\sdl_dropevents.obj
d:\(programmingprojects)\twitch_projects\rendering-engine\build\lib\sdl2-2.0.20\sdl2-static.dir\debug\sdl_dummyaudio.obj
d:\(programmingprojects)\twitch_projects\rendering-engine\build\lib\sdl2-2.0.20\sdl2-static.dir\debug\sdl_dynapi.obj
d:\(programmingprojects)\twitch_projects\rendering-engine\build\lib\sdl2-2.0.20\sdl2-static.dir\debug\sdl_egl.obj
d:\(programmingprojects)\twitch_projects\rendering-engine\build\lib\sdl2-2.0.20\sdl2-static.dir\debug\sdl_error.obj
d:\(programmingprojects)\twitch_projects\rendering-engine\build\lib\sdl2-2.0.20\sdl2-static.dir\debug\sdl_events.obj
d:\(programmingprojects)\twitch_projects\rendering-engine\build\lib\sdl2-2.0.20\sdl2-static.dir\debug\sdl_fillrect.obj
d:\(programmingprojects)\twitch_projects\rendering-engine\build\lib\sdl2-2.0.20\sdl2-static.dir\debug\sdl_gamecontroller.obj
d:\(programmingprojects)\twitch_projects\rendering-engine\build\lib\sdl2-2.0.20\sdl2-static.dir\debug\sdl_gesture.obj
d:\(programmingprojects)\twitch_projects\rendering-engine\build\lib\sdl2-2.0.20\sdl2-static.dir\debug\sdl_getenv.obj
d:\(programmingprojects)\twitch_projects\rendering-engine\build\lib\sdl2-2.0.20\sdl2-static.dir\debug\sdl_haptic.obj
d:\(programmingprojects)\twitch_projects\rendering-engine\build\lib\sdl2-2.0.20\sdl2-static.dir\debug\sdl_hid.obj
d:\(programmingprojects)\twitch_projects\rendering-engine\build\lib\sdl2-2.0.20\sdl2-static.dir\debug\sdl_hidapi.obj
d:\(programmingprojects)\twitch_projects\rendering-engine\build\lib\sdl2-2.0.20\sdl2-static.dir\debug\sdl_hidapijoystick.obj
d:\(programmingprojects)\twitch_projects\rendering-engine\build\lib\sdl2-2.0.20\sdl2-static.dir\debug\sdl_hidapi_gamecube.obj
d:\(programmingprojects)\twitch_projects\rendering-engine\build\lib\sdl2-2.0.20\sdl2-static.dir\debug\sdl_hidapi_luna.obj
d:\(programmingprojects)\twitch_projects\rendering-engine\build\lib\sdl2-2.0.20\sdl2-static.dir\debug\sdl_hidapi_ps4.obj
d:\(programmingprojects)\twitch_projects\rendering-engine\build\lib\sdl2-2.0.20\sdl2-static.dir\debug\sdl_hidapi_ps5.obj
d:\(programmingprojects)\twitch_projects\rendering-engine\build\lib\sdl2-2.0.20\sdl2-static.dir\debug\sdl_hidapi_rumble.obj
d:\(programmingprojects)\twitch_projects\rendering-engine\build\lib\sdl2-2.0.20\sdl2-static.dir\debug\sdl_hidapi_stadia.obj
d:\(programmingprojects)\twitch_projects\rendering-engine\build\lib\sdl2-2.0.20\sdl2-static.dir\debug\sdl_hidapi_steam.obj
d:\(programmingprojects)\twitch_projects\rendering-engine\build\lib\sdl2-2.0.20\sdl2-static.dir\debug\sdl_hidapi_switch.obj
d:\(programmingprojects)\twitch_projects\rendering-engine\build\lib\sdl2-2.0.20\sdl2-static.dir\debug\sdl_hidapi_xbox360.obj
d:\(programmingprojects)\twitch_projects\rendering-engine\build\lib\sdl2-2.0.20\sdl2-static.dir\debug\sdl_hidapi_xbox360w.obj
d:\(programmingprojects)\twitch_projects\rendering-engine\build\lib\sdl2-2.0.20\sdl2-static.dir\debug\sdl_hidapi_xboxone.obj
d:\(programmingprojects)\twitch_projects\rendering-engine\build\lib\sdl2-2.0.20\sdl2-static.dir\debug\sdl_hints.obj
d:\(programmingprojects)\twitch_projects\rendering-engine\build\lib\sdl2-2.0.20\sdl2-static.dir\debug\sdl_iconv.obj
d:\(programmingprojects)\twitch_projects\rendering-engine\build\lib\sdl2-2.0.20\sdl2-static.dir\debug\sdl_joystick.obj
d:\(programmingprojects)\twitch_projects\rendering-engine\build\lib\sdl2-2.0.20\sdl2-static.dir\debug\sdl_keyboard.obj
d:\(programmingprojects)\twitch_projects\rendering-engine\build\lib\sdl2-2.0.20\sdl2-static.dir\debug\sdl_locale.obj
d:\(programmingprojects)\twitch_projects\rendering-engine\build\lib\sdl2-2.0.20\sdl2-static.dir\debug\sdl_log.obj
d:\(programmingprojects)\twitch_projects\rendering-engine\build\lib\sdl2-2.0.20\sdl2-static.dir\debug\sdl_malloc.obj
d:\(programmingprojects)\twitch_projects\rendering-engine\build\lib\sdl2-2.0.20\sdl2-static.dir\debug\sdl_mixer.obj
d:\(programmingprojects)\twitch_projects\rendering-engine\build\lib\sdl2-2.0.20\sdl2-static.dir\debug\sdl_mouse.obj
d:\(programmingprojects)\twitch_projects\rendering-engine\build\lib\sdl2-2.0.20\sdl2-static.dir\debug\sdl_nullevents.obj
d:\(programmingprojects)\twitch_projects\rendering-engine\build\lib\sdl2-2.0.20\sdl2-static.dir\debug\sdl_nullframebuffer.obj
d:\(programmingprojects)\twitch_projects\rendering-engine\build\lib\sdl2-2.0.20\sdl2-static.dir\debug\sdl_nullvideo.obj
d:\(programmingprojects)\twitch_projects\rendering-engine\build\lib\sdl2-2.0.20\sdl2-static.dir\debug\sdl_pixels.obj
d:\(programmingprojects)\twitch_projects\rendering-engine\build\lib\sdl2-2.0.20\sdl2-static.dir\debug\sdl_power.obj
d:\(programmingprojects)\twitch_projects\rendering-engine\build\lib\sdl2-2.0.20\sdl2-static.dir\debug\sdl_qsort.obj
d:\(programmingprojects)\twitch_projects\rendering-engine\build\lib\sdl2-2.0.20\sdl2-static.dir\debug\sdl_quit.obj
d:\(programmingprojects)\twitch_projects\rendering-engine\build\lib\sdl2-2.0.20\sdl2-static.dir\debug\sdl_rawinputjoystick.obj
d:\(programmingprojects)\twitch_projects\rendering-engine\build\lib\sdl2-2.0.20\sdl2-static.dir\debug\sdl_rect.obj
d:\(programmingprojects)\twitch_projects\rendering-engine\build\lib\sdl2-2.0.20\sdl2-static.dir\debug\sdl_render.obj
d:\(programmingprojects)\twitch_projects\rendering-engine\build\lib\sdl2-2.0.20\sdl2-static.dir\debug\sdl_render_d3d.obj
d:\(programmingprojects)\twitch_projects\rendering-engine\build\lib\sdl2-2.0.20\sdl2-static.dir\debug\sdl_render_d3d11.obj
d:\(programmingprojects)\twitch_projects\rendering-engine\build\lib\sdl2-2.0.20\sdl2-static.dir\debug\sdl_render_gl.obj
d:\(programmingprojects)\twitch_projects\rendering-engine\build\lib\sdl2-2.0.20\sdl2-static.dir\debug\sdl_render_gles.obj
d:\(programmingprojects)\twitch_projects\rendering-engine\build\lib\sdl2-2.0.20\sdl2-static.dir\debug\sdl_render_gles2.obj
d:\(programmingprojects)\twitch_projects\rendering-engine\build\lib\sdl2-2.0.20\sdl2-static.dir\debug\sdl_render_psp.obj
d:\(programmingprojects)\twitch_projects\rendering-engine\build\lib\sdl2-2.0.20\sdl2-static.dir\debug\sdl_render_sw.obj
d:\(programmingprojects)\twitch_projects\rendering-engine\build\lib\sdl2-2.0.20\sdl2-static.dir\debug\sdl_render_vita_gxm.obj
d:\(programmingprojects)\twitch_projects\rendering-engine\build\lib\sdl2-2.0.20\sdl2-static.dir\debug\sdl_render_vita_gxm_memory.obj
d:\(programmingprojects)\twitch_projects\rendering-engine\build\lib\sdl2-2.0.20\sdl2-static.dir\debug\sdl_render_vita_gxm_tools.obj
d:\(programmingprojects)\twitch_projects\rendering-engine\build\lib\sdl2-2.0.20\sdl2-static.dir\debug\sdl_rleaccel.obj
d:\(programmingprojects)\twitch_projects\rendering-engine\build\lib\sdl2-2.0.20\sdl2-static.dir\debug\sdl_rotate.obj
d:\(programmingprojects)\twitch_projects\rendering-engine\build\lib\sdl2-2.0.20\sdl2-static.dir\debug\sdl_rwops.obj
d:\(programmingprojects)\twitch_projects\rendering-engine\build\lib\sdl2-2.0.20\sdl2-static.dir\debug\sdl_sensor.obj
d:\(programmingprojects)\twitch_projects\rendering-engine\build\lib\sdl2-2.0.20\sdl2-static.dir\debug\sdl_shaders_d3d.obj
d:\(programmingprojects)\twitch_projects\rendering-engine\build\lib\sdl2-2.0.20\sdl2-static.dir\debug\sdl_shaders_d3d11.obj
d:\(programmingprojects)\twitch_projects\rendering-engine\build\lib\sdl2-2.0.20\sdl2-static.dir\debug\sdl_shaders_gl.obj
d:\(programmingprojects)\twitch_projects\rendering-engine\build\lib\sdl2-2.0.20\sdl2-static.dir\debug\sdl_shaders_gles2.obj
d:\(programmingprojects)\twitch_projects\rendering-engine\build\lib\sdl2-2.0.20\sdl2-static.dir\debug\sdl_shape.obj
d:\(programmingprojects)\twitch_projects\rendering-engine\build\lib\sdl2-2.0.20\sdl2-static.dir\debug\sdl_spinlock.obj
d:\(programmingprojects)\twitch_projects\rendering-engine\build\lib\sdl2-2.0.20\sdl2-static.dir\debug\sdl_stdlib.obj
d:\(programmingprojects)\twitch_projects\rendering-engine\build\lib\sdl2-2.0.20\sdl2-static.dir\debug\sdl_stretch.obj
d:\(programmingprojects)\twitch_projects\rendering-engine\build\lib\sdl2-2.0.20\sdl2-static.dir\debug\sdl_string.obj
d:\(programmingprojects)\twitch_projects\rendering-engine\build\lib\sdl2-2.0.20\sdl2-static.dir\debug\sdl_strtokr.obj
d:\(programmingprojects)\twitch_projects\rendering-engine\build\lib\sdl2-2.0.20\sdl2-static.dir\debug\sdl_surface.obj
d:\(programmingprojects)\twitch_projects\rendering-engine\build\lib\sdl2-2.0.20\sdl2-static.dir\debug\sdl_syscond.obj
d:\(programmingprojects)\twitch_projects\rendering-engine\build\lib\sdl2-2.0.20\sdl2-static.dir\debug\sdl_syscond_cv.obj
d:\(programmingprojects)\twitch_projects\rendering-engine\build\lib\sdl2-2.0.20\sdl2-static.dir\debug\sdl_sysfilesystem.obj
d:\(programmingprojects)\twitch_projects\rendering-engine\build\lib\sdl2-2.0.20\sdl2-static.dir\debug\sdl_sysloadso.obj
d:\(programmingprojects)\twitch_projects\rendering-engine\build\lib\sdl2-2.0.20\sdl2-static.dir\debug\sdl_syslocale.obj
d:\(programmingprojects)\twitch_projects\rendering-engine\build\lib\sdl2-2.0.20\sdl2-static.dir\debug\sdl_sysmutex.obj
d:\(programmingprojects)\twitch_projects\rendering-engine\build\lib\sdl2-2.0.20\sdl2-static.dir\debug\sdl_syspower.obj
d:\(programmingprojects)\twitch_projects\rendering-engine\build\lib\sdl2-2.0.20\sdl2-static.dir\debug\sdl_syssem.obj
d:\(programmingprojects)\twitch_projects\rendering-engine\build\lib\sdl2-2.0.20\sdl2-static.dir\debug\sdl_systhread.obj
d:\(programmingprojects)\twitch_projects\rendering-engine\build\lib\sdl2-2.0.20\sdl2-static.dir\debug\sdl_systimer.obj
d:\(programmingprojects)\twitch_projects\rendering-engine\build\lib\sdl2-2.0.20\sdl2-static.dir\debug\sdl_systls.obj
d:\(programmingprojects)\twitch_projects\rendering-engine\build\lib\sdl2-2.0.20\sdl2-static.dir\debug\sdl_sysurl.obj
d:\(programmingprojects)\twitch_projects\rendering-engine\build\lib\sdl2-2.0.20\sdl2-static.dir\debug\sdl_thread.obj
d:\(programmingprojects)\twitch_projects\rendering-engine\build\lib\sdl2-2.0.20\sdl2-static.dir\debug\sdl_timer.obj
d:\(programmingprojects)\twitch_projects\rendering-engine\build\lib\sdl2-2.0.20\sdl2-static.dir\debug\sdl_touch.obj
d:\(programmingprojects)\twitch_projects\rendering-engine\build\lib\sdl2-2.0.20\sdl2-static.dir\debug\sdl_triangle.obj
d:\(programmingprojects)\twitch_projects\rendering-engine\build\lib\sdl2-2.0.20\sdl2-static.dir\debug\sdl_url.obj
d:\(programmingprojects)\twitch_projects\rendering-engine\build\lib\sdl2-2.0.20\sdl2-static.dir\debug\sdl_video.obj
d:\(programmingprojects)\twitch_projects\rendering-engine\build\lib\sdl2-2.0.20\sdl2-static.dir\debug\sdl_virtualjoystick.obj
d:\(programmingprojects)\twitch_projects\rendering-engine\build\lib\sdl2-2.0.20\sdl2-static.dir\debug\sdl_vulkan_utils.obj
d:\(programmingprojects)\twitch_projects\rendering-engine\build\lib\sdl2-2.0.20\sdl2-static.dir\debug\sdl_wasapi.obj
d:\(programmingprojects)\twitch_projects\rendering-engine\build\lib\sdl2-2.0.20\sdl2-static.dir\debug\sdl_wasapi_win32.obj
d:\(programmingprojects)\twitch_projects\rendering-engine\build\lib\sdl2-2.0.20\sdl2-static.dir\debug\sdl_wave.obj
d:\(programmingprojects)\twitch_projects\rendering-engine\build\lib\sdl2-2.0.20\sdl2-static.dir\debug\sdl_windowevents.obj
d:\(programmingprojects)\twitch_projects\rendering-engine\build\lib\sdl2-2.0.20\sdl2-static.dir\debug\sdl_windows.obj
d:\(programmingprojects)\twitch_projects\rendering-engine\build\lib\sdl2-2.0.20\sdl2-static.dir\debug\sdl_windowsclipboard.obj
d:\(programmingprojects)\twitch_projects\rendering-engine\build\lib\sdl2-2.0.20\sdl2-static.dir\debug\sdl_windowsevents.obj
d:\(programmingprojects)\twitch_projects\rendering-engine\build\lib\sdl2-2.0.20\sdl2-static.dir\debug\sdl_windowsframebuffer.obj
d:\(programmingprojects)\twitch_projects\rendering-engine\build\lib\sdl2-2.0.20\sdl2-static.dir\debug\sdl_windowshaptic.obj
d:\(programmingprojects)\twitch_projects\rendering-engine\build\lib\sdl2-2.0.20\sdl2-static.dir\debug\sdl_windowsjoystick.obj
d:\(programmingprojects)\twitch_projects\rendering-engine\build\lib\sdl2-2.0.20\sdl2-static.dir\debug\sdl_windowskeyboard.obj
d:\(programmingprojects)\twitch_projects\rendering-engine\build\lib\sdl2-2.0.20\sdl2-static.dir\debug\sdl_windowsmessagebox.obj
d:\(programmingprojects)\twitch_projects\rendering-engine\build\lib\sdl2-2.0.20\sdl2-static.dir\debug\sdl_windowsmodes.obj
d:\(programmingprojects)\twitch_projects\rendering-engine\build\lib\sdl2-2.0.20\sdl2-static.dir\debug\sdl_windowsmouse.obj
d:\(programmingprojects)\twitch_projects\rendering-engine\build\lib\sdl2-2.0.20\sdl2-static.dir\debug\sdl_windowsopengl.obj
d:\(programmingprojects)\twitch_projects\rendering-engine\build\lib\sdl2-2.0.20\sdl2-static.dir\debug\sdl_windowsopengles.obj
d:\(programmingprojects)\twitch_projects\rendering-engine\build\lib\sdl2-2.0.20\sdl2-static.dir\debug\sdl_windowssensor.obj
d:\(programmingprojects)\twitch_projects\rendering-engine\build\lib\sdl2-2.0.20\sdl2-static.dir\debug\sdl_windowsshape.obj
d:\(programmingprojects)\twitch_projects\rendering-engine\build\lib\sdl2-2.0.20\sdl2-static.dir\debug\sdl_windowsvideo.obj
d:\(programmingprojects)\twitch_projects\rendering-engine\build\lib\sdl2-2.0.20\sdl2-static.dir\debug\sdl_windowsvulkan.obj
d:\(programmingprojects)\twitch_projects\rendering-engine\build\lib\sdl2-2.0.20\sdl2-static.dir\debug\sdl_windowswindow.obj
d:\(programmingprojects)\twitch_projects\rendering-engine\build\lib\sdl2-2.0.20\sdl2-static.dir\debug\sdl_windows_gaming_input.obj
d:\(programmingprojects)\twitch_projects\rendering-engine\build\lib\sdl2-2.0.20\sdl2-static.dir\debug\sdl_winmm.obj
d:\(programmingprojects)\twitch_projects\rendering-engine\build\lib\sdl2-2.0.20\sdl2-static.dir\debug\sdl_xinput.obj
d:\(programmingprojects)\twitch_projects\rendering-engine\build\lib\sdl2-2.0.20\sdl2-static.dir\debug\sdl_xinputhaptic.obj
d:\(programmingprojects)\twitch_projects\rendering-engine\build\lib\sdl2-2.0.20\sdl2-static.dir\debug\sdl_xinputjoystick.obj
d:\(programmingprojects)\twitch_projects\rendering-engine\build\lib\sdl2-2.0.20\sdl2-static.dir\debug\sdl_yuv.obj
d:\(programmingprojects)\twitch_projects\rendering-engine\build\lib\sdl2-2.0.20\sdl2-static.dir\debug\sdl_yuv_sw.obj
d:\(programmingprojects)\twitch_projects\rendering-engine\build\lib\sdl2-2.0.20\sdl2-static.dir\debug\s_atan.obj
d:\(programmingprojects)\twitch_projects\rendering-engine\build\lib\sdl2-2.0.20\sdl2-static.dir\debug\s_copysign.obj
d:\(programmingprojects)\twitch_projects\rendering-engine\build\lib\sdl2-2.0.20\sdl2-static.dir\debug\s_cos.obj
d:\(programmingprojects)\twitch_projects\rendering-engine\build\lib\sdl2-2.0.20\sdl2-static.dir\debug\s_fabs.obj
d:\(programmingprojects)\twitch_projects\rendering-engine\build\lib\sdl2-2.0.20\sdl2-static.dir\debug\s_floor.obj
d:\(programmingprojects)\twitch_projects\rendering-engine\build\lib\sdl2-2.0.20\sdl2-static.dir\debug\s_scalbn.obj
d:\(programmingprojects)\twitch_projects\rendering-engine\build\lib\sdl2-2.0.20\sdl2-static.dir\debug\s_sin.obj
d:\(programmingprojects)\twitch_projects\rendering-engine\build\lib\sdl2-2.0.20\sdl2-static.dir\debug\s_tan.obj
d:\(programmingprojects)\twitch_projects\rendering-engine\build\lib\sdl2-2.0.20\sdl2-static.dir\debug\yuv_rgb.obj
d:\(programmingprojects)\twitch_projects\rendering-engine\build\lib\sdl2-2.0.20\debug\sdl2-staticd.pdb
d:\(programmingprojects)\twitch_projects\rendering-engine\build\lib\sdl2-2.0.20\sdl2-static.dir\debug\sdl2-static.tlog\cl.command.1.tlog
d:\(programmingprojects)\twitch_projects\rendering-engine\build\lib\sdl2-2.0.20\sdl2-static.dir\debug\sdl2-static.tlog\cl.read.1.tlog
d:\(programmingprojects)\twitch_projects\rendering-engine\build\lib\sdl2-2.0.20\sdl2-static.dir\debug\sdl2-static.tlog\cl.write.1.tlog
d:\(programmingprojects)\twitch_projects\rendering-engine\build\lib\sdl2-2.0.20\sdl2-static.dir\debug\sdl2-static.tlog\custombuild.command.1.tlog
d:\(programmingprojects)\twitch_projects\rendering-engine\build\lib\sdl2-2.0.20\sdl2-static.dir\debug\sdl2-static.tlog\custombuild.read.1.tlog
d:\(programmingprojects)\twitch_projects\rendering-engine\build\lib\sdl2-2.0.20\sdl2-static.dir\debug\sdl2-static.tlog\custombuild.write.1.tlog
d:\(programmingprojects)\twitch_projects\rendering-engine\build\lib\sdl2-2.0.20\sdl2-static.dir\debug\sdl2-static.tlog\lib-link.read.1.tlog
d:\(programmingprojects)\twitch_projects\rendering-engine\build\lib\sdl2-2.0.20\sdl2-static.dir\debug\sdl2-static.tlog\lib-link.write.1.tlog
d:\(programmingprojects)\twitch_projects\rendering-engine\build\lib\sdl2-2.0.20\sdl2-static.dir\debug\sdl2-static.tlog\lib.command.1.tlog
